<?xml version="1.0" encoding="UTF-8"?>
<!-- Generated by org.testng.reporters.JUnitReportReporter -->
<testsuite hostname="Shriprasad" failures="0" tests="3" name="testCases.LoginPageTest" time="20.944" errors="0" timestamp="2023-12-16T14:14:03 IST" skipped="0">
  <testcase classname="testCases.LoginPageTest" name="verifyTitleOfApplicationTest" time="7.519"/>
  <system-out/>
  <testcase classname="testCases.LoginPageTest" name="loginToApplicationTest" time="6.234"/>
  <system-out/>
  <testcase classname="testCases.LoginPageTest" name="verifyURLOfApplicationTest" time="7.191"/>
  <system-out/>
</testsuite> <!-- testCases.LoginPageTest -->
