<?xml version="1.0" encoding="UTF-8"?>
<!-- Generated by org.testng.reporters.JUnitReportReporter -->
<testsuite hostname="Shriprasad" failures="0" tests="7" name="testCases.check_out_page1_test" time="49.539" errors="0" timestamp="2023-12-16T14:14:03 IST" skipped="0">
  <testcase classname="testCases.check_out_page1_test" name="clickOnCancelBtn" time="7.069"/>
  <system-out>
    <![CDATA[Clickon cancelbtn of checkout page1 https://www.saucedemo.com/cart.html]]>
  </system-out>
  <testcase classname="testCases.check_out_page1_test" name="verifyChexkOutPageTwitterLogo" time="7.694"/>
  <system-out>
    <![CDATA[Visibility of checkout page twitter Logo = true]]>
  </system-out>
  <testcase classname="testCases.check_out_page1_test" name="verifyCheckOutPageFbLogo" time="6.881"/>
  <system-out>
    <![CDATA[Visibility of checkout page fb Logo = true]]>
  </system-out>
  <testcase classname="testCases.check_out_page1_test" name="verifyCheckOutPageLinkedInLogo" time="7.098"/>
  <system-out>
    <![CDATA[Visibility of checkout page linkedin Logo = true]]>
  </system-out>
  <testcase classname="testCases.check_out_page1_test" name="verifyTitleOfApplicationTest" time="6.887"/>
  <system-out>
    <![CDATA[Title of checkout page1 Checkout: Your Information]]>
  </system-out>
  <testcase classname="testCases.check_out_page1_test" name="verifyURLOfCheckOutPage1" time="6.828"/>
  <system-out>
    <![CDATA[URL of checkout page1 https://www.saucedemo.com/checkout-step-one.html]]>
  </system-out>
  <testcase classname="testCases.check_out_page1_test" name="InputInformationCheckOutPage1" time="7.082"/>
  <system-out>
    <![CDATA[input info  https://www.saucedemo.com/checkout-step-two.html]]>
  </system-out>
</testsuite> <!-- testCases.check_out_page1_test -->
