<?xml version="1.0" encoding="UTF-8"?>
<!-- Generated by org.testng.reporters.JUnitReportReporter -->
<testsuite hostname="Shriprasad" failures="0" tests="10" name="testCases.cartPageTest" time="87.641" errors="0" timestamp="2023-12-16T14:14:03 IST" skipped="0">
  <testcase classname="testCases.cartPageTest" name="verifyUrlCheckout" time="10.882"/>
  <system-out/>
  <testcase classname="testCases.cartPageTest" name="verifytQTYLable" time="9.128"/>
  <system-out/>
  <testcase classname="testCases.cartPageTest" name="verifyCartUrlApplication" time="6.693"/>
  <system-out/>
  <testcase classname="testCases.cartPageTest" name="verifyCartDescriptionLable" time="8.941"/>
  <system-out/>
  <testcase classname="testCases.cartPageTest" name="remove3ProductCartTest" time="9.014"/>
  <system-out/>
  <testcase classname="testCases.cartPageTest" name="verifyContinueShoppingCartUrl" time="8.916"/>
  <system-out/>
  <testcase classname="testCases.cartPageTest" name="verifyCartPageTwitterLogo" time="9.132"/>
  <system-out>
    <![CDATA[Visibility of Cart page Logo = true]]>
  </system-out>
  <testcase classname="testCases.cartPageTest" name="verifyProductLableCart" time="6.594"/>
  <system-out/>
  <testcase classname="testCases.cartPageTest" name="verifyCartPageLinkedInLogo" time="9.286"/>
  <system-out>
    <![CDATA[Visibility of Cart page Logo = true]]>
  </system-out>
  <testcase classname="testCases.cartPageTest" name="verifyCartPageFbLogo" time="9.055"/>
  <system-out>
    <![CDATA[Visibility of Cart page Logo = true]]>
  </system-out>
</testsuite> <!-- testCases.cartPageTest -->
