<?xml version="1.0" encoding="UTF-8"?>
<!-- Generated by org.testng.reporters.JUnitReportReporter -->
<testsuite hostname="Shriprasad" failures="0" tests="10" name="testCases.cartPageTest" time="104.307" errors="0" timestamp="2023-12-09T22:32:58 IST" skipped="0">
  <testcase classname="testCases.cartPageTest" name="verifyContinueShoppingCartUrl" time="9.581"/>
  <system-out/>
  <testcase classname="testCases.cartPageTest" name="verifytQTYLable" time="9.290"/>
  <system-out/>
  <testcase classname="testCases.cartPageTest" name="verifyProductLableCart" time="10.017"/>
  <system-out/>
  <testcase classname="testCases.cartPageTest" name="verifyCartDescriptionLable" time="17.039"/>
  <system-out/>
  <testcase classname="testCases.cartPageTest" name="remove3ProductCartTest" time="9.859"/>
  <system-out/>
  <testcase classname="testCases.cartPageTest" name="verifyCartUrlApplication" time="7.426"/>
  <system-out/>
  <testcase classname="testCases.cartPageTest" name="verifyUrlCheckout" time="11.838"/>
  <system-out/>
  <testcase classname="testCases.cartPageTest" name="verifyCartPageLinkedInLogo" time="9.740"/>
  <system-out>
    <![CDATA[Visibility of Cart page Logo = true]]>
  </system-out>
  <testcase classname="testCases.cartPageTest" name="verifyCartPageFbLogo" time="9.207"/>
  <system-out>
    <![CDATA[Visibility of Cart page Logo = true]]>
  </system-out>
  <testcase classname="testCases.cartPageTest" name="verifyCartPageTwitterLogo" time="10.310"/>
  <system-out>
    <![CDATA[Visibility of Cart page Logo = true]]>
  </system-out>
</testsuite> <!-- testCases.cartPageTest -->
