<?xml version="1.0" encoding="UTF-8"?>
<!-- Generated by org.testng.reporters.JUnitReportReporter -->
<testsuite hostname="Shriprasad" failures="0" tests="1" name="testCases.Inventory_page_2_Test" time="8.789" errors="0" timestamp="2023-12-12T20:53:20 IST" skipped="0">
  <testcase classname="testCases.Inventory_page_2_Test" name="verifyproductsLableTest" time="8.789"/>
  <system-out>
    <![CDATA[Lable of Inventory Page = Products]]>
  </system-out>
</testsuite> <!-- testCases.Inventory_page_2_Test -->
