<?xml version="1.0" encoding="UTF-8"?>
<!-- Generated by org.testng.reporters.JUnitReportReporter -->
<testsuite hostname="Shriprasad" failures="0" tests="3" name="testCases.LoginPageTest" time="23.957" errors="0" timestamp="2023-12-12T22:21:19 IST" skipped="0">
  <testcase classname="testCases.LoginPageTest" name="verifyTitleOfApplicationTest" time="10.652"/>
  <system-out/>
  <testcase classname="testCases.LoginPageTest" name="loginToApplicationTest" time="6.709"/>
  <system-out/>
  <testcase classname="testCases.LoginPageTest" name="verifyURLOfApplicationTest" time="6.596"/>
  <system-out/>
</testsuite> <!-- testCases.LoginPageTest -->
