<?xml version="1.0" encoding="UTF-8"?>
<!-- Generated by org.testng.reporters.JUnitReportReporter -->
<testsuite hostname="Shriprasad" failures="0" tests="2" name="testCases.check_out_page2_Test" time="16.888" errors="0" timestamp="2023-12-09T23:17:16 IST" skipped="0">
  <testcase classname="testCases.check_out_page2_Test" name="clickOnFinishBtnTest" time="9.392"/>
  <system-out>
    <![CDATA[finishBtn of check out page 2 https://www.saucedemo.com/checkout-complete.html]]>
  </system-out>
  <testcase classname="testCases.check_out_page2_Test" name="TitleOfApplication" time="7.496"/>
  <system-out>
    <![CDATA[label of check out page 2 Checkout: Overview]]>
  </system-out>
</testsuite> <!-- testCases.check_out_page2_Test -->
