<?xml version="1.0" encoding="UTF-8"?>
<!-- Generated by org.testng.reporters.JUnitReportReporter -->
<testsuite hostname="Shriprasad" failures="0" tests="4" name="testCases.complete_page2_Test" time="31.948" errors="0" timestamp="2023-12-09T23:19:16 IST" skipped="0">
  <testcase classname="testCases.complete_page2_Test" name="verifyYourOrderMessageTest" time="9.025"/>
  <system-out>
    <![CDATA[Text Message You Order Your order has been dispatched, and will arrive just as fast as the pony can get there!]]>
  </system-out>
  <testcase classname="testCases.complete_page2_Test" name="verifyBackHomebtnTest" time="7.456"/>
  <system-out>
    <![CDATA[Url of Page https://www.saucedemo.com/inventory.html]]>
  </system-out>
  <testcase classname="testCases.complete_page2_Test" name="verifyThankyouMessageTest" time="7.718"/>
  <system-out>
    <![CDATA[Text Message Thank You Thank you for your order!]]>
  </system-out>
  <testcase classname="testCases.complete_page2_Test" name="verifycheckoutCompleteLableTest" time="7.749"/>
  <system-out>
    <![CDATA[Complete Level Page Lable Checkout: Complete!]]>
  </system-out>
</testsuite> <!-- testCases.complete_page2_Test -->
