<?xml version="1.0" encoding="UTF-8"?>
<!-- Generated by org.testng.reporters.JUnitReportReporter -->
<testsuite hostname="Shriprasad" failures="0" tests="2" name="testCases.check_out_page2_Test" time="16.064" errors="0" timestamp="2023-12-16T14:14:03 IST" skipped="0">
  <testcase classname="testCases.check_out_page2_Test" name="clickOnFinishBtnTest" time="8.579"/>
  <system-out>
    <![CDATA[finishBtn of check out page 2 https://www.saucedemo.com/checkout-complete.html]]>
  </system-out>
  <testcase classname="testCases.check_out_page2_Test" name="TitleOfApplication" time="7.485"/>
  <system-out>
    <![CDATA[label of check out page 2 Checkout: Overview]]>
  </system-out>
</testsuite> <!-- testCases.check_out_page2_Test -->
