<?xml version="1.0" encoding="UTF-8"?>
<!-- Generated by org.testng.reporters.JUnitReportReporter -->
<testsuite hostname="Shriprasad" failures="0" tests="1" name="testCases.Check_Out_Page1_Test$Inventory_page_2_Test" time="9.815" errors="0" timestamp="2023-12-08T08:32:36 IST" skipped="0">
  <testcase classname="testCases.Check_Out_Page1_Test$Inventory_page_2_Test" name="verifyURLofCheckOutPage1" time="9.815"/>
  <system-out>
    <![CDATA[https://www.saucedemo.com/checkout-step-one.html]]>
  </system-out>
</testsuite> <!-- testCases.Check_Out_Page1_Test$Inventory_page_2_Test -->
