<?xml version="1.0" encoding="UTF-8"?>
<!-- Generated by org.testng.reporters.JUnitReportReporter -->
<testsuite hostname="Shriprasad" failures="0" tests="5" name="testCases.Inventory_page_2_Test" time="34.139" errors="0" timestamp="2023-12-16T14:14:03 IST" skipped="0">
  <testcase classname="testCases.Inventory_page_2_Test" name="verifyproductsLableTest" time="6.218"/>
  <system-out>
    <![CDATA[Lable of Inventory Page = Products]]>
  </system-out>
  <testcase classname="testCases.Inventory_page_2_Test" name="add6ProductsTest" time="6.532"/>
  <system-out>
    <![CDATA[Total products added to cart = 6]]>
  </system-out>
  <testcase classname="testCases.Inventory_page_2_Test" name="clickCartTest" time="6.322"/>
  <system-out>
    <![CDATA[https://www.saucedemo.com/cart.html]]>
  </system-out>
  <testcase classname="testCases.Inventory_page_2_Test" name="remove2Products" time="8.715"/>
  <system-out>
    <![CDATA[Count of product after removing 4]]>
  </system-out>
  <testcase classname="testCases.Inventory_page_2_Test" name="verifytwitterLogoTest" time="6.352"/>
  <system-out>
    <![CDATA[Visibility of Twitter Logo = true]]>
  </system-out>
</testsuite> <!-- testCases.Inventory_page_2_Test -->
